2026-01-26 02:22:02 Loading main app package /usr/lib/obsidian/obsidian.asar
2026-01-26 02:22:02 Checking for update using Github
2026-01-26 02:22:02 Success.
2026-01-26 02:22:02 Latest version is 1.11.5
2026-01-26 02:22:02 App is up to date.
2026-01-26 21:49:17 Loading main app package /usr/lib/obsidian/obsidian.asar
2026-01-26 21:49:17 Checking for update using Github
2026-01-26 21:49:17 Success.
2026-01-26 21:49:17 Latest version is 1.11.5
2026-01-26 21:49:17 App is up to date.
2026-01-26 21:50:07 Loading main app package /usr/lib/obsidian/obsidian.asar
2026-01-26 21:50:07 Checking for update using Github
2026-01-26 21:50:07 Success.
2026-01-26 21:50:07 Latest version is 1.11.5
2026-01-26 21:50:07 App is up to date.
2026-01-26 22:21:21 Loading main app package /usr/lib/obsidian/obsidian.asar
2026-01-26 22:21:21 Checking for update using Github
2026-01-26 22:21:21 Success.
2026-01-26 22:21:21 Latest version is 1.11.5
2026-01-26 22:21:21 App is up to date.
